<?xml version="1.0" encoding="UTF-8"?>
<!-- Generated by org.testng.reporters.JUnitReportReporter -->
<testsuite name="org.base.BrowserLaunchTest2" tests="3" time="0.031" ignored="0" failures="0" timestamp="15 Jul 2023 09:14:06 GMT" skipped="0" hostname="DESKTOP-N3051EB" errors="0">
  <testcase name="tc03" time="0.015" classname="org.base.BrowserLaunchTest2"/>
  <testcase name="tc02" time="0.016" classname="org.base.BrowserLaunchTest2"/>
  <testcase name="tc04" time="0.000" classname="org.base.BrowserLaunchTest2"/>
</testsuite> <!-- org.base.BrowserLaunchTest2 -->
